irun(64): 12.20-s012: (c) Copyright 1995-2013 Cadence Design Systems, Inc.
TOOL:	irun(64)	12.20-s012: Started on Oct 10, 2018 at 11:57:28 CST
irun
	+access+rw
	-loadvpi /opt/nicotb/lib/cpp/nicotb.so:VpiBoot
	+incdir+../src/
	+incdir+../include/
	/opt/nicotb/lib/verilog/Utils.sv
	Top_test.sv
Loading snapshot worklib.Top_test:sv .................... Done
*Verdi3* Loading libsscore_ius122.so
*Verdi3* : Enable Parallel Dumping.
ncsim> source /opt/CAD/INCISIV/cur/tools/inca/files/ncsimrc
ncsim> run
FSDB Dumper for IUS, Release Verdi3_2013.07, Linux x86_64/64bit, 07/04/2013
(C) 1996 - 2013 by Synopsys, Inc.
*Verdi3* FSDB WARNING: The FSDB file already exists. Overwriting the FSDB file may crash the programs that are using this file.
*Verdi3* : Create FSDB file 'Lab1_test.fsdb'
*Verdi3* : Begin traversing the scope (Top_test), layer (0).
*Verdi3* : Enable +mda dumping.
*Verdi3* : End of traversing.
START
    x
IDLE
START
    x
plus
IDLE
Simulation complete via $finish(1) at time 37399950 US + 1
./Top_test.sv:9 `WithFinish
ncsim> exit
TOOL:	irun(64)	12.20-s012: Exiting on Oct 10, 2018 at 11:59:00 CST  (total: 00:01:32)
